Traceback (most recent call last):
  File "C:\Users\alber\anaconda3\envs\ambiente_1\Lib\site-packages\jupyter_cache\executors\utils.py", line 58, in single_nb_execution
    executenb(
  File "C:\Users\alber\anaconda3\envs\ambiente_1\Lib\site-packages\nbclient\client.py", line 1305, in execute
    return NotebookClient(nb=nb, resources=resources, km=km, **kwargs).execute()
           ^^^^^^^^^^^^^^^^^^^^^^^^^^^^^^^^^^^^^^^^^^^^^^^^^^^^^^^^^^^^^^^^^^^^^
  File "C:\Users\alber\anaconda3\envs\ambiente_1\Lib\site-packages\jupyter_core\utils\__init__.py", line 165, in wrapped
    return loop.run_until_complete(inner)
           ^^^^^^^^^^^^^^^^^^^^^^^^^^^^^^
  File "C:\Users\alber\anaconda3\envs\ambiente_1\Lib\asyncio\base_events.py", line 686, in run_until_complete
    return future.result()
           ^^^^^^^^^^^^^^^
  File "C:\Users\alber\anaconda3\envs\ambiente_1\Lib\site-packages\nbclient\client.py", line 705, in async_execute
    await self.async_execute_cell(
  File "C:\Users\alber\anaconda3\envs\ambiente_1\Lib\site-packages\nbclient\client.py", line 1058, in async_execute_cell
    await self._check_raise_for_error(cell, cell_index, exec_reply)
  File "C:\Users\alber\anaconda3\envs\ambiente_1\Lib\site-packages\nbclient\client.py", line 914, in _check_raise_for_error
    raise CellExecutionError.from_cell_and_msg(cell, exec_reply_content)
nbclient.exceptions.CellExecutionError: An error occurred while executing the following cell:
------------------
# 1. Copia y pega el diccionario de alumnado con nombres y calificaciones
alumnado = {
    "Juan": 85,
    "Ana": 92,
    "Pedro": 78,
    "María": 88,
    "Luis": 90,
    "Sofía": 95,
    "Carlos": 80,
    "Lucía": 87
}

# 2. Pedir al usuario que ingrese el nombre de un alumno
nombre_alumno = input("Ingrese el nombre del alumno para buscar su calificación: ")

# 3. Usar el método get() para obtener la calificación del alumno
calificacion = alumnado.get(nombre_alumno)

# 4. Verificar si el alumno existe
if calificacion is not None:
    print(f"La calificación de {nombre_alumno} es: {calificacion}")
    
    # Preguntar si desea actualizar la calificación
    actualizar = input("¿Desea actualizar la calificación? (sí/no): ").strip().lower()
    
    if actualizar == "sí":
        # Pedir la nueva calificación
        nueva_calificacion = float(input("Ingrese la nueva calificación: "))
        
        # 5. Usar el método update() para modificar la calificación
        alumnado.update({nombre_alumno: nueva_calificacion})
        print(f"La calificación de {nombre_alumno} ha sido actualizada a: {nueva_calificacion}")
else:
    print(f"El alumno {nombre_alumno} no se encuentra en el diccionario.")

# Imprimir el diccionario final de alumnos
print("Diccionario final de alumnos:", alumnado)
------------------


[1;31m---------------------------------------------------------------------------[0m
[1;31mStdinNotImplementedError[0m                  Traceback (most recent call last)
Cell [1;32mIn[1], line 14[0m
[0;32m      2[0m alumnado [38;5;241m=[39m {
[0;32m      3[0m     [38;5;124m"[39m[38;5;124mJuan[39m[38;5;124m"[39m: [38;5;241m85[39m,
[0;32m      4[0m     [38;5;124m"[39m[38;5;124mAna[39m[38;5;124m"[39m: [38;5;241m92[39m,
[1;32m   (...)[0m
[0;32m     10[0m     [38;5;124m"[39m[38;5;124mLucía[39m[38;5;124m"[39m: [38;5;241m87[39m
[0;32m     11[0m }
[0;32m     13[0m [38;5;66;03m# 2. Pedir al usuario que ingrese el nombre de un alumno[39;00m
[1;32m---> 14[0m nombre_alumno [38;5;241m=[39m [38;5;28minput[39m([38;5;124m"[39m[38;5;124mIngrese el nombre del alumno para buscar su calificación: [39m[38;5;124m"[39m)
[0;32m     16[0m [38;5;66;03m# 3. Usar el método get() para obtener la calificación del alumno[39;00m
[0;32m     17[0m calificacion [38;5;241m=[39m alumnado[38;5;241m.[39mget(nombre_alumno)

File [1;32m~\anaconda3\envs\ambiente_1\Lib\site-packages\ipykernel\kernelbase.py:1281[0m, in [0;36mKernel.raw_input[1;34m(self, prompt)[0m
[0;32m   1279[0m [38;5;28;01mif[39;00m [38;5;129;01mnot[39;00m [38;5;28mself[39m[38;5;241m.[39m_allow_stdin:
[0;32m   1280[0m     msg [38;5;241m=[39m [38;5;124m"[39m[38;5;124mraw_input was called, but this frontend does not support input requests.[39m[38;5;124m"[39m
[1;32m-> 1281[0m     [38;5;28;01mraise[39;00m StdinNotImplementedError(msg)
[0;32m   1282[0m [38;5;28;01mreturn[39;00m [38;5;28mself[39m[38;5;241m.[39m_input_request(
[0;32m   1283[0m     [38;5;28mstr[39m(prompt),
[0;32m   1284[0m     [38;5;28mself[39m[38;5;241m.[39m_parent_ident[[38;5;124m"[39m[38;5;124mshell[39m[38;5;124m"[39m],
[0;32m   1285[0m     [38;5;28mself[39m[38;5;241m.[39mget_parent([38;5;124m"[39m[38;5;124mshell[39m[38;5;124m"[39m),
[0;32m   1286[0m     password[38;5;241m=[39m[38;5;28;01mFalse[39;00m,
[0;32m   1287[0m )

[1;31mStdinNotImplementedError[0m: raw_input was called, but this frontend does not support input requests.

